<?xml version="1.0" encoding="UTF-8"?>
<!-- Generated by org.testng.reporters.JUnitReportReporter -->
<testsuite hostname="LIN-5CD5329NWV" failures="0" tests="3" name="Com.Gmail.Runner.TestRunner2" time="24.187" errors="0" timestamp="2025-10-29T16:40:08 IST" skipped="0">
  <testcase classname="Com.Gmail.Runner.TestRunner2" name="runScenario" time="10.602"/>
  <testcase classname="Com.Gmail.Runner.TestRunner2" name="runScenario" time="7.302"/>
  <testcase classname="Com.Gmail.Runner.TestRunner2" name="runScenario" time="6.283"/>
</testsuite> <!-- Com.Gmail.Runner.TestRunner2 -->
