<?xml version="1.0" encoding="UTF-8"?>
<!-- Generated by org.testng.reporters.JUnitReportReporter -->
<testsuite hostname="LIN-5CD5329NWV" failures="0" tests="3" name="Com.Gmail.Runner.TestRunner2" time="19.429" errors="0" timestamp="2025-10-29T17:13:47 IST" skipped="0">
  <testcase classname="Com.Gmail.Runner.TestRunner2" name="runScenario" time="6.679"/>
  <testcase classname="Com.Gmail.Runner.TestRunner2" name="runScenario" time="5.692"/>
  <testcase classname="Com.Gmail.Runner.TestRunner2" name="runScenario" time="7.058"/>
</testsuite> <!-- Com.Gmail.Runner.TestRunner2 -->
